<?xml version="1.0" encoding="UTF-8"?>
<!-- Generated by org.testng.reporters.JUnitReportReporter -->
<testsuite skipped="0" hostname="RAVI" name="com.qa.tests.LoginTests" tests="1" failures="0" timestamp="23 Apr 2020 13:24:44 GMT" time="15.390" errors="0">
  <testcase name="verifyLogin" time="15.390" classname="com.qa.tests.LoginTests"/>
</testsuite> <!-- com.qa.tests.LoginTests -->
