<?xml version="1.0" encoding="UTF-8"?>
<!-- Generated by org.testng.reporters.JUnitReportReporter -->
<testsuite skipped="0" hostname="RAVI" name="com.qa.tests.LoginTestsEbay" tests="1" failures="0" timestamp="23 Apr 2020 10:01:04 GMT" time="14.857" errors="0">
  <testcase name="verifyLogin" time="14.857" classname="com.qa.tests.LoginTestsEbay"/>
</testsuite> <!-- com.qa.tests.LoginTestsEbay -->
