<?xml version="1.0" encoding="UTF-8"?>
<!-- Generated by org.testng.reporters.JUnitReportReporter -->
<testsuite skipped="0" hostname="RAVI" name="com.qa.tests.ProductTests" tests="1" failures="0" timestamp="23 Apr 2020 13:58:01 GMT" time="22.313" errors="0">
  <testcase name="searchForAnItem" time="22.313" classname="com.qa.tests.ProductTests"/>
</testsuite> <!-- com.qa.tests.ProductTests -->
